<?xml version="1.0" encoding="UTF-8"?>
<!-- Generated by org.testng.reporters.JUnitReportReporter -->
<testsuite hostname="MSI" failures="1" tests="4" name="TestRunner.CucumberTestRunner" time="27.660" errors="0" timestamp="2024-12-17T20:37:45 IST" skipped="0">
  <testcase classname="TestRunner.CucumberTestRunner" name="runScenario" time="11.324"/>
  <testcase classname="TestRunner.CucumberTestRunner" name="runScenario" time="4.196"/>
  <testcase classname="TestRunner.CucumberTestRunner" name="runScenario" time="3.969">
    <failure message="User should be navigated to the Home Page expected [true] but found [false]" type="java.lang.AssertionError">
      <![CDATA[java.lang.AssertionError: User should be navigated to the Home Page expected [true] but found [false]
at org.testng.Assert.fail(Assert.java:111)
at org.testng.Assert.failNotEquals(Assert.java:1578)
at org.testng.Assert.assertTrue(Assert.java:57)
at StepDefinitions.LoginStepsDefinition.user_should_be_navigated_to_the_home_page(LoginStepsDefinition.java:46)
at âœ½.User should be navigated to the Home Page(file:///C:/Users/shakthi/eclipse-workspace/BDDFramework/src/test/resources/Features/login.feature:7)
]]>
    </failure>
  </testcase> <!-- runScenario -->
  <testcase classname="TestRunner.CucumberTestRunner" name="runScenario" time="8.171"/>
</testsuite> <!-- TestRunner.CucumberTestRunner -->
